

Started GET "/" for 127.0.0.1 at Tue Feb 15 00:38:41 -0500 2011

ActionController::RoutingError (No route matches "/"):
  

Rendered /opt/local/lib/ruby/gems/1.8/gems/actionpack-3.0.4/lib/action_dispatch/middleware/templates/rescues/routing_error.erb within rescues/layout (1.0ms)


Started GET "/" for 127.0.0.1 at Tue Feb 15 00:40:42 -0500 2011
  Processing by HomeController#index as HTML
Rendered home/index.html.erb within layouts/application (2.3ms)
Completed 200 OK in 12ms (Views: 11.0ms | ActiveRecord: 0.0ms)


Started GET "/" for 127.0.0.1 at Tue Feb 15 00:43:15 -0500 2011
  Processing by HomeController#index as HTML
Rendered home/index.html.erb within layouts/application (2.0ms)
Completed 200 OK in 10ms (Views: 9.6ms | ActiveRecord: 0.0ms)


Started GET "/" for 127.0.0.1 at Tue Feb 15 00:43:18 -0500 2011
  Processing by HomeController#index as HTML
Rendered home/index.html.erb within layouts/application (1.9ms)
Completed 200 OK in 8ms (Views: 7.8ms | ActiveRecord: 0.0ms)
  [1m[36mSQL (85.8ms)[0m  [1m SELECT name
 FROM sqlite_master
 WHERE type = 'table' AND NOT name = 'sqlite_sequence'
[0m
  [1m[35mSQL (0.2ms)[0m  select sqlite_version(*)
  [1m[36mSQL (18.0ms)[0m  [1mCREATE TABLE "schema_migrations" ("version" varchar(255) NOT NULL) [0m
  [1m[35mSQL (0.1ms)[0m  PRAGMA index_list("schema_migrations")
  [1m[36mSQL (5.2ms)[0m  [1mCREATE UNIQUE INDEX "unique_schema_migrations" ON "schema_migrations" ("version")[0m
  [1m[35mSQL (0.2ms)[0m   SELECT name
 FROM sqlite_master
 WHERE type = 'table' AND NOT name = 'sqlite_sequence'
  [1m[36mSQL (0.1ms)[0m  [1m SELECT name
 FROM sqlite_master
 WHERE type = 'table' AND NOT name = 'sqlite_sequence'
[0m
  [1m[35mSQL (0.1ms)[0m  SELECT "schema_migrations"."version" FROM "schema_migrations"
Migrating to CreatePosts (20110215054128)
  [1m[36mSQL (0.5ms)[0m  [1mCREATE TABLE "posts" ("id" INTEGER PRIMARY KEY AUTOINCREMENT NOT NULL, "name" varchar(255), "title" varchar(255), "content" text, "created_at" datetime, "updated_at" datetime) [0m
  [1m[35mSQL (0.1ms)[0m  INSERT INTO "schema_migrations" ("version") VALUES ('20110215054128')
  [1m[36mSQL (0.2ms)[0m  [1m SELECT name
 FROM sqlite_master
 WHERE type = 'table' AND NOT name = 'sqlite_sequence'
[0m
  [1m[35mSQL (0.1ms)[0m  SELECT "schema_migrations"."version" FROM "schema_migrations"
  [1m[36mSQL (0.1ms)[0m  [1m SELECT name
 FROM sqlite_master
 WHERE type = 'table' AND NOT name = 'sqlite_sequence'
[0m
  [1m[35mSQL (0.0ms)[0m  PRAGMA index_list("posts")


Started GET "/" for 127.0.0.1 at Tue Feb 15 00:48:16 -0500 2011
  Processing by HomeController#index as HTML
Rendered home/index.html.erb within layouts/application (2.5ms)
Completed 200 OK in 10ms (Views: 9.7ms | ActiveRecord: 0.0ms)


Started GET "/posts" for 127.0.0.1 at Tue Feb 15 00:48:20 -0500 2011
  Processing by PostsController#index as HTML
  [1m[36mPost Load (0.6ms)[0m  [1mSELECT "posts".* FROM "posts"[0m
Rendered posts/index.html.erb within layouts/application (2.6ms)
Completed 200 OK in 76ms (Views: 9.6ms | ActiveRecord: 0.6ms)


Started GET "/posts" for 127.0.0.1 at Tue Feb 15 00:48:45 -0500 2011
  Processing by PostsController#index as HTML
  [1m[35mPost Load (0.3ms)[0m  SELECT "posts".* FROM "posts"
Rendered posts/index.html.erb within layouts/application (2.9ms)
Completed 200 OK in 15ms (Views: 10.0ms | ActiveRecord: 0.3ms)


Started GET "/posts/new" for 127.0.0.1 at Tue Feb 15 00:48:46 -0500 2011
  Processing by PostsController#new as HTML
Rendered posts/_form.html.erb (94.2ms)
Rendered posts/new.html.erb within layouts/application (99.1ms)
Completed 200 OK in 129ms (Views: 123.3ms | ActiveRecord: 0.0ms)


Started GET "/posts.xml" for 127.0.0.1 at Tue Feb 15 17:59:31 -0500 2011
  Processing by PostsController#index as XML
  [1m[36mPost Load (0.8ms)[0m  [1mSELECT "posts".* FROM "posts"[0m
Completed 200 OK in 209ms (Views: 116.3ms | ActiveRecord: 0.8ms)


Started GET "/posts.html" for 127.0.0.1 at Tue Feb 15 17:59:53 -0500 2011
  Processing by PostsController#index as HTML
  [1m[35mPost Load (0.3ms)[0m  SELECT "posts".* FROM "posts"
Rendered posts/index.html.erb within layouts/application (23.9ms)
Completed 200 OK in 121ms (Views: 114.8ms | ActiveRecord: 0.3ms)


Started GET "/posts.html" for 127.0.0.1 at Tue Feb 15 18:10:28 -0500 2011
  Processing by PostsController#index as HTML
  [1m[36mPost Load (0.4ms)[0m  [1mSELECT "posts".* FROM "posts"[0m
Rendered posts/index.html.erb within layouts/application (42.4ms)
Completed 200 OK in 129ms (Views: 123.6ms | ActiveRecord: 0.4ms)


Started GET "/posts.html" for 127.0.0.1 at Tue Feb 15 18:10:49 -0500 2011
  Processing by PostsController#index as HTML
  [1m[35mPost Load (0.4ms)[0m  SELECT "posts".* FROM "posts"
Rendered posts/index.html.erb within layouts/application (2.9ms)
Completed 200 OK in 14ms (Views: 9.1ms | ActiveRecord: 0.4ms)


Started GET "/posts.html" for 127.0.0.1 at Tue Feb 15 18:10:58 -0500 2011
  Processing by PostsController#index as HTML
  [1m[36mPost Load (0.3ms)[0m  [1mSELECT "posts".* FROM "posts"[0m
Rendered posts/index.html.erb within layouts/application (3.1ms)
Completed 200 OK in 15ms (Views: 9.7ms | ActiveRecord: 0.3ms)


Started GET "/posts.html" for 127.0.0.1 at Tue Feb 15 23:18:35 -0500 2011
  Processing by PostsController#index as HTML
  [1m[35mPost Load (0.4ms)[0m  SELECT "posts".* FROM "posts"
Rendered posts/index.html.erb within layouts/application (7.3ms)
Completed 200 OK in 115ms (Views: 47.0ms | ActiveRecord: 0.4ms)


Started GET "/" for 127.0.0.1 at Tue Feb 15 23:18:45 -0500 2011
  Processing by HomeController#index as HTML
Rendered home/index.html.erb within layouts/application (3.1ms)
Completed 200 OK in 38ms (Views: 37.1ms | ActiveRecord: 0.0ms)


Started GET "/posts" for 127.0.0.1 at Tue Feb 15 23:18:47 -0500 2011
  Processing by PostsController#index as HTML
  [1m[36mPost Load (0.4ms)[0m  [1mSELECT "posts".* FROM "posts"[0m
Rendered posts/index.html.erb within layouts/application (2.7ms)
Completed 200 OK in 15ms (Views: 9.2ms | ActiveRecord: 0.4ms)


Started GET "/posts" for 127.0.0.1 at Tue Feb 15 23:20:32 -0500 2011

ActionController::RoutingError (No route matches "/posts"):
  

Rendered /opt/local/lib/ruby/gems/1.8/gems/actionpack-3.0.4/lib/action_dispatch/middleware/templates/rescues/routing_error.erb within rescues/layout (0.8ms)


Started GET "/" for 127.0.0.1 at Tue Feb 15 23:20:38 -0500 2011
  Processing by HomeController#index as HTML
Rendered home/index.html.erb within layouts/application (86.6ms)
Completed   in 93ms

ActionView::Template::Error (No route matches {:controller=>"posts"}):
    1: <h1>Hello, Rails!</h1> <%= link_to "My Blog", posts_path %>
  app/views/home/index.html.erb:1:in `_app_views_home_index_html_erb___721210738_2179974380_0'

Rendered /opt/local/lib/ruby/gems/1.8/gems/actionpack-3.0.4/lib/action_dispatch/middleware/templates/rescues/_trace.erb (1.4ms)
Rendered /opt/local/lib/ruby/gems/1.8/gems/actionpack-3.0.4/lib/action_dispatch/middleware/templates/rescues/_request_and_response.erb (4.7ms)
Rendered /opt/local/lib/ruby/gems/1.8/gems/actionpack-3.0.4/lib/action_dispatch/middleware/templates/rescues/template_error.erb within rescues/layout (19.3ms)


Started GET "/" for 127.0.0.1 at Tue Feb 15 23:21:35 -0500 2011
  Processing by HomeController#index as HTML
Rendered home/index.html.erb within layouts/application (72.8ms)
Completed 200 OK in 101ms (Views: 100.9ms | ActiveRecord: 0.0ms)


Started GET "/posts" for 127.0.0.1 at Tue Feb 15 23:21:37 -0500 2011
  Processing by PostsController#index as HTML
  [1m[35mPost Load (0.4ms)[0m  SELECT "posts".* FROM "posts"
Rendered posts/index.html.erb within layouts/application (2.5ms)
Completed 200 OK in 13ms (Views: 8.6ms | ActiveRecord: 0.4ms)


Started GET "/posts/new" for 127.0.0.1 at Tue Feb 15 23:23:51 -0500 2011
  Processing by PostsController#new as HTML
Rendered posts/_form.html.erb (210.1ms)
Rendered posts/new.html.erb within layouts/application (237.8ms)
Completed 200 OK in 256ms (Views: 246.3ms | ActiveRecord: 0.0ms)


Started GET "/posts/new" for 127.0.0.1 at Tue Feb 15 23:23:51 -0500 2011
  Processing by PostsController#new as HTML
Rendered posts/_form.html.erb (6.6ms)
Rendered posts/new.html.erb within layouts/application (11.0ms)
Completed 200 OK in 22ms (Views: 16.7ms | ActiveRecord: 0.0ms)


Started GET "/posts/new" for 127.0.0.1 at Tue Feb 15 23:25:24 -0500 2011
  Processing by PostsController#new as HTML
Rendered posts/_form.html.erb (7.2ms)
Rendered posts/new.html.erb within layouts/application (47.0ms)
Completed 200 OK in 116ms (Views: 110.6ms | ActiveRecord: 0.0ms)


Started GET "/posts/new" for 127.0.0.1 at Tue Feb 15 23:25:24 -0500 2011
  Processing by PostsController#new as HTML
Rendered posts/_form.html.erb (6.8ms)
Rendered posts/new.html.erb within layouts/application (11.5ms)
Completed 200 OK in 22ms (Views: 17.2ms | ActiveRecord: 0.0ms)


Started GET "/posts/new" for 127.0.0.1 at Tue Feb 15 23:31:57 -0500 2011
  Processing by PostsController#new as HTML
Rendered posts/new.html.erb within layouts/application (1.9ms)
Completed   in 14ms

ActionView::Template::Error (Missing partial posts/form with {:locale=>[:en, :en], :handlers=>[:builder, :rjs, :rhtml, :erb, :rxml], :formats=>[:html]} in view paths "/Users/heranyang/Workspace/rubyOnRails/blog/app/views"):
    1: <h1>New post</h1>
    2: 
    3: <%= render 'form' %>
    4: 
    5: <%= link_to 'Back', posts_path %>
  app/views/posts/new.html.erb:3:in `_app_views_posts_new_html_erb__2094390099_2181328600_0'
  app/controllers/posts_controller.rb:29:in `new'

Rendered /opt/local/lib/ruby/gems/1.8/gems/actionpack-3.0.4/lib/action_dispatch/middleware/templates/rescues/_trace.erb (1.2ms)
Rendered /opt/local/lib/ruby/gems/1.8/gems/actionpack-3.0.4/lib/action_dispatch/middleware/templates/rescues/_request_and_response.erb (5.5ms)
Rendered /opt/local/lib/ruby/gems/1.8/gems/actionpack-3.0.4/lib/action_dispatch/middleware/templates/rescues/template_error.erb within rescues/layout (103.1ms)


Started GET "/posts/new" for 127.0.0.1 at Tue Feb 15 23:34:20 -0500 2011
  Processing by PostsController#new as HTML
Rendered posts/_form.html.erb (6.7ms)
Rendered posts/new.html.erb within layouts/application (129.9ms)
Completed 200 OK in 141ms (Views: 136.3ms | ActiveRecord: 0.0ms)


Started GET "/posts/new" for 127.0.0.1 at Tue Feb 15 23:34:24 -0500 2011
  Processing by PostsController#new as HTML
Rendered posts/_form.html.erb (6.9ms)
Rendered posts/new.html.erb within layouts/application (10.8ms)
Completed 200 OK in 79ms (Views: 74.6ms | ActiveRecord: 0.0ms)


Started GET "/" for 127.0.0.1 at Tue Feb 15 23:57:23 -0500 2011
  Processing by HomeController#index as HTML
Rendered home/index.html.erb within layouts/application (2.3ms)
Completed 200 OK in 35ms (Views: 34.2ms | ActiveRecord: 0.0ms)


Started GET "/posts" for 127.0.0.1 at Tue Feb 15 23:57:25 -0500 2011
  Processing by PostsController#index as HTML
  [1m[36mPost Load (0.5ms)[0m  [1mSELECT "posts".* FROM "posts"[0m
Rendered posts/index.html.erb within layouts/application (2.8ms)
Completed 200 OK in 15ms (Views: 8.9ms | ActiveRecord: 0.5ms)


Started GET "/posts" for 127.0.0.1 at Tue Feb 15 23:58:09 -0500 2011
  Processing by PostsController#index as HTML
  [1m[35mPost Load (0.4ms)[0m  SELECT "posts".* FROM "posts"
Rendered posts/index.html.erb within layouts/application (2.9ms)
Completed 200 OK in 14ms (Views: 8.7ms | ActiveRecord: 0.4ms)


Started GET "/home" for 127.0.0.1 at Tue Feb 15 23:58:12 -0500 2011
  Processing by HomeController#index as HTML
Rendered home/index.html.erb within layouts/application (2.6ms)
Completed 200 OK in 10ms (Views: 9.1ms | ActiveRecord: 0.0ms)


Started GET "/posts" for 127.0.0.1 at Tue Feb 15 23:58:14 -0500 2011
  Processing by PostsController#index as HTML
  [1m[36mPost Load (0.4ms)[0m  [1mSELECT "posts".* FROM "posts"[0m
Rendered posts/index.html.erb within layouts/application (2.8ms)
Completed 200 OK in 17ms (Views: 11.4ms | ActiveRecord: 0.4ms)


Started GET "/" for 127.0.0.1 at Sat Feb 19 16:48:05 -0500 2011
  Processing by HomeController#index as HTML
Rendered home/index.html.erb within layouts/application (2.7ms)
Completed 200 OK in 35ms (Views: 34.1ms | ActiveRecord: 0.0ms)


Started GET "/posts" for 127.0.0.1 at Sat Feb 19 16:48:08 -0500 2011
  Processing by PostsController#index as HTML
  [1m[36mPost Load (40.7ms)[0m  [1mSELECT "posts".* FROM "posts"[0m
Rendered posts/index.html.erb within layouts/application (3.0ms)
Completed 200 OK in 84ms (Views: 10.4ms | ActiveRecord: 40.7ms)


Started GET "/posts/new" for 127.0.0.1 at Sat Feb 19 16:48:11 -0500 2011
  Processing by PostsController#new as HTML
Rendered posts/_form.html.erb (120.1ms)
Rendered posts/new.html.erb within layouts/application (125.0ms)
Completed 200 OK in 137ms (Views: 131.7ms | ActiveRecord: 0.0ms)
